[29764:30376:0515/011626.513:WARNING:chrome_main_delegate.cc(745)] This is Chrome version 128.0.6613.138 (not a warning)
[29764:21428:0515/011626.572:ERROR:google_update_settings.cc(265)] Failed opening key Software\Chromium to set usagestats; result: 5
[29764:30376:0515/011626.603:WARNING:account_consistency_mode_manager.cc(77)] Desktop Identity Consistency cannot be enabled as no OAuth client ID and client secret have been configured.
[29764:29576:0515/011631.816:WARNING:leveldb_database.cc(141)] Unable to open C:\Users\twood\Desktop\Ross-s-Silent-Spots\SilentSpotsTechDemo\Saved\webcache_6613\Default\shared_proto_db\metadata: IO error: C:\Users\twood\Desktop\Ross-s-Silent-Spots\SilentSpotsTechDemo\Saved\webcache_6613\Default\shared_proto_db\metadata/MANIFEST-000001: Unable to create sequential file (ChromeMethodBFE: 7::NewSequentialFile::1)
[29764:29576:0515/011631.820:WARNING:leveldb_database.cc(141)] Unable to open C:\Users\twood\Desktop\Ross-s-Silent-Spots\SilentSpotsTechDemo\Saved\webcache_6613\Default\shared_proto_db\metadata: IO error: C:\Users\twood\Desktop\Ross-s-Silent-Spots\SilentSpotsTechDemo\Saved\webcache_6613\Default\shared_proto_db\metadata/MANIFEST-000001: Unable to create sequential file (ChromeMethodBFE: 7::NewSequentialFile::1)
[29764:29576:0515/011631.823:WARNING:leveldb_database.cc(141)] Unable to open C:\Users\twood\Desktop\Ross-s-Silent-Spots\SilentSpotsTechDemo\Saved\webcache_6613\Default\shared_proto_db\metadata: IO error: C:\Users\twood\Desktop\Ross-s-Silent-Spots\SilentSpotsTechDemo\Saved\webcache_6613\Default\shared_proto_db\metadata/MANIFEST-000001: Unable to create sequential file (ChromeMethodBFE: 7::NewSequentialFile::1)
[29764:29576:0515/011631.825:WARNING:leveldb_database.cc(141)] Unable to open C:\Users\twood\Desktop\Ross-s-Silent-Spots\SilentSpotsTechDemo\Saved\webcache_6613\Default\shared_proto_db\metadata: IO error: C:\Users\twood\Desktop\Ross-s-Silent-Spots\SilentSpotsTechDemo\Saved\webcache_6613\Default\shared_proto_db\metadata/MANIFEST-000001: Unable to create sequential file (ChromeMethodBFE: 7::NewSequentialFile::1)
[29764:16044:0515/011632.983:WARNING:value_store_frontend.cc(47)] Reading ahfgeienlihckogmohjhadlkjgocpleb.alarms from  failed: IO error: .../MANIFEST-000001: Unable to create sequential file (ChromeMethodBFE: 7::NewSequentialFile::1)
[29764:16044:0515/011632.985:WARNING:value_store_frontend.cc(47)] Reading mhjfbmdgcfjbbpaeojofohoefgiehjai.alarms from  failed: IO error: .../MANIFEST-000001: Unable to create sequential file (ChromeMethodBFE: 7::NewSequentialFile::1)
[772:31180:0515/011634.353:WARNING:frame_impl.cc(430)] virtual CefFrameImpl::SendProcessMessage sent to detached frame 5-86006654EB0BE6A949B3792CF1725CD9 will be ignored
[29764:12880:0515/011635.577:WARNING:leveldb_database.cc(141)] Unable to open C:\Users\twood\Desktop\Ross-s-Silent-Spots\SilentSpotsTechDemo\Saved\webcache_6613\Default\GCM Store\Encryption: IO error: C:\Users\twood\Desktop\Ross-s-Silent-Spots\SilentSpotsTechDemo\Saved\webcache_6613\Default\GCM Store\Encryption/MANIFEST-000001: Unable to create sequential file (ChromeMethodBFE: 7::NewSequentialFile::1)
[15116:21744:0515/011636.601:ERROR:ssl_client_socket_impl.cc(882)] handshake failed; returned -1, SSL error code 1, net_error -100
[15116:21744:0515/011636.853:ERROR:ssl_client_socket_impl.cc(882)] handshake failed; returned -1, SSL error code 1, net_error -100
[15116:21744:0515/011636.883:ERROR:ssl_client_socket_impl.cc(882)] handshake failed; returned -1, SSL error code 1, net_error -100
[15116:21744:0515/011637.002:ERROR:ssl_client_socket_impl.cc(882)] handshake failed; returned -1, SSL error code 1, net_error -100
[29764:9740:0515/011637.148:WARNING:browser_info.cc(345)] Returning a speculative frame for [10,5]
[29764:30376:0515/011637.283:WARNING:browser_info.cc(345)] Returning a speculative frame for [11,5]
[29764:30376:0515/011637.284:WARNING:browser_info.cc(345)] Returning a speculative frame for [11,5]
[29764:30376:0515/011637.284:WARNING:browser_info.cc(345)] Returning a speculative frame for [11,5]
[29764:30376:0515/011637.284:WARNING:browser_info.cc(345)] Returning a speculative frame for [11,5]
[29764:9740:0515/011637.356:WARNING:browser_info.cc(345)] Returning a speculative frame for [11,5]
[29764:30376:0515/011639.116:ERROR:extension_registrar.cc(549)] Failed to unregister service worker for extension fheoggkfdfchfphceeifdbepaooicaho
[18944:22188:0515/011646.076:WARNING:codec.cc(525)] Explicitly added H264 constrained baseline to list of supported formats.
[18944:22188:0515/011646.940:WARNING:codec.cc(525)] Explicitly added H264 constrained baseline to list of supported formats.
[18944:10528:0515/011646.962:WARNING:codec.cc(525)] Explicitly added H264 constrained baseline to list of supported formats.
[18944:10528:0515/011646.962:WARNING:codec.cc(525)] Explicitly added H264 constrained baseline to list of supported formats.
[18944:10528:0515/011646.963:WARNING:codec.cc(525)] Explicitly added H264 constrained baseline to list of supported formats.
[15116:21744:0515/011647.025:ERROR:ssl_client_socket_impl.cc(882)] handshake failed; returned -1, SSL error code 1, net_error -100
[15116:21744:0515/011647.120:WARNING:host_resolver_dns_task.cc(863)] Address list empty after RFC3484 sort
[15116:21744:0515/011647.179:WARNING:host_resolver_dns_task.cc(863)] Address list empty after RFC3484 sort
[15116:21744:0515/011647.286:ERROR:socket_manager.cc(147)] Failed to resolve address for stun.cloudflare.com., errorcode: -105
[15116:21744:0515/011647.286:ERROR:socket_manager.cc(147)] Failed to resolve address for stun.cloudflare.com., errorcode: -105
[15116:21744:0515/011647.286:ERROR:socket_manager.cc(147)] Failed to resolve address for stun.cloudflare.com., errorcode: -105
[18944:10528:0515/011647.286:WARNING:stun_port.cc(442)] Port[5c4f400:0:1:0:host:Net[any:0:0:0:x:x:x:x:x/0:Wildcard:id=0]]: StunPort: stun host lookup received error -1
[18944:10528:0515/011647.286:WARNING:stun_port.cc(442)] Port[5cb0000:1:1:0:host:Net[any:0:0:0:x:x:x:x:x/0:Wildcard:id=0]]: StunPort: stun host lookup received error -1
[18944:10528:0515/011647.286:WARNING:stun_port.cc(442)] Port[5cb0400:2:1:0:host:Net[any:0:0:0:x:x:x:x:x/0:Wildcard:id=0]]: StunPort: stun host lookup received error -1
[15116:21744:0515/011650.471:ERROR:ssl_client_socket_impl.cc(882)] handshake failed; returned -1, SSL error code 1, net_error -107
[15116:21744:0515/011657.405:ERROR:ssl_client_socket_impl.cc(882)] handshake failed; returned -1, SSL error code 1, net_error -100
[15116:21744:0515/011658.083:ERROR:ssl_client_socket_impl.cc(882)] handshake failed; returned -1, SSL error code 1, net_error -100
[29764:30376:0515/011724.567:WARNING:pref_notifier_impl.cc(41)] Pref observer for media_router.cast_allow_all_ips found at shutdown.
